  ListWatcher.cpp
  Nota: file incluso  c:\users\totox\desktop\progettopds\serverprogettopds\serverprogettopds\ListWatcher.h
  Nota: file incluso   C:\Program Files (x86)\Windows Kits\8.1\Include\um\windows.h
  Nota: file incluso    C:\Program Files (x86)\Windows Kits\8.1\Include\shared\winapifamily.h
  Nota: file incluso    C:\Program Files (x86)\Microsoft Visual Studio 14.0\VC\include\excpt.h
  Nota: file incluso     C:\Program Files (x86)\Microsoft Visual Studio 14.0\VC\include\vcruntime.h
  Nota: file incluso    C:\Program Files (x86)\Microsoft Visual Studio 14.0\VC\include\stdarg.h
  Nota: file incluso     C:\Program Files (x86)\Microsoft Visual Studio 14.0\VC\include\vcruntime.h
  Nota: file incluso    C:\Program Files (x86)\Windows Kits\8.1\Include\shared\windef.h
  Nota: file incluso     C:\Program Files (x86)\Windows Kits\8.1\Include\shared\minwindef.h
  Nota: file incluso      C:\Program Files (x86)\Windows Kits\8.1\Include\shared\specstrings.h
  Nota: file incluso       C:\Program Files (x86)\Windows Kits\8.1\Include\shared\specstrings_strict.h
  Nota: file incluso        C:\Program Files (x86)\Windows Kits\8.1\Include\shared\specstrings_undef.h
  Nota: file incluso       C:\Program Files (x86)\Windows Kits\8.1\Include\shared\driverspecs.h
  Nota: file incluso        c:\program files (x86)\windows kits\8.1\include\shared\sdv_driverspecs.h
  Nota: file incluso      C:\Program Files (x86)\Windows Kits\8.1\Include\um\winnt.h
  Nota: file incluso       C:\Program Files (x86)\Windows Kits\10\Include\10.0.10240.0\ucrt\ctype.h
  Nota: file incluso       C:\Program Files (x86)\Windows Kits\8.1\Include\shared\kernelspecs.h
  Nota: file incluso       C:\Program Files (x86)\Windows Kits\8.1\Include\shared\basetsd.h
  Nota: file incluso       C:\Program Files (x86)\Windows Kits\8.1\Include\shared\guiddef.h
  Nota: file incluso        C:\Program Files (x86)\Windows Kits\10\Include\10.0.10240.0\ucrt\string.h
  Nota: file incluso         C:\Program Files (x86)\Windows Kits\10\Include\10.0.10240.0\ucrt\corecrt_memory.h
  Nota: file incluso       c:\program files (x86)\windows kits\8.1\include\shared\pshpack4.h
  Nota: file incluso       c:\program files (x86)\windows kits\8.1\include\shared\poppack.h
  Nota: file incluso       c:\program files (x86)\windows kits\8.1\include\shared\pshpack4.h
  Nota: file incluso       c:\program files (x86)\windows kits\8.1\include\shared\poppack.h
  Nota: file incluso       C:\Program Files (x86)\Windows Kits\8.1\Include\shared\pshpack4.h
  Nota: file incluso       C:\Program Files (x86)\Windows Kits\8.1\Include\shared\poppack.h
  Nota: file incluso       c:\program files (x86)\windows kits\8.1\include\shared\pshpack4.h
  Nota: file incluso       c:\program files (x86)\windows kits\8.1\include\shared\pshpack2.h
  Nota: file incluso       c:\program files (x86)\windows kits\8.1\include\shared\poppack.h
  Nota: file incluso       c:\program files (x86)\windows kits\8.1\include\shared\pshpack2.h
  Nota: file incluso       C:\Program Files (x86)\Windows Kits\8.1\Include\shared\pshpack2.h
  Nota: file incluso       C:\Program Files (x86)\Windows Kits\8.1\Include\shared\poppack.h
  Nota: file incluso       c:\program files (x86)\windows kits\8.1\include\shared\poppack.h
  Nota: file incluso       c:\program files (x86)\windows kits\8.1\include\shared\pshpack8.h
  Nota: file incluso       c:\program files (x86)\windows kits\8.1\include\shared\poppack.h
  Nota: file incluso       c:\program files (x86)\windows kits\8.1\include\shared\poppack.h
  Nota: file incluso       C:\Program Files (x86)\Windows Kits\8.1\Include\shared\apiset.h
  Nota: file incluso       C:\Program Files (x86)\Windows Kits\8.1\Include\shared\ktmtypes.h
  Nota: file incluso    C:\Program Files (x86)\Windows Kits\8.1\Include\um\winbase.h
  Nota: file incluso     C:\Program Files (x86)\Windows Kits\8.1\Include\shared\apisetcconv.h
  Nota: file incluso     C:\Program Files (x86)\Windows Kits\8.1\Include\um\minwinbase.h
  Nota: file incluso     C:\Program Files (x86)\Windows Kits\8.1\Include\um\processenv.h
  Nota: file incluso     C:\Program Files (x86)\Windows Kits\8.1\Include\um\fileapi.h
  Nota: file incluso     C:\Program Files (x86)\Windows Kits\8.1\Include\um\debugapi.h
  Nota: file incluso     C:\Program Files (x86)\Windows Kits\8.1\Include\um\utilapiset.h
  Nota: file incluso     C:\Program Files (x86)\Windows Kits\8.1\Include\um\handleapi.h
  Nota: file incluso     C:\Program Files (x86)\Windows Kits\8.1\Include\um\errhandlingapi.h
  Nota: file incluso     C:\Program Files (x86)\Windows Kits\8.1\Include\um\fibersapi.h
  Nota: file incluso     C:\Program Files (x86)\Windows Kits\8.1\Include\um\namedpipeapi.h
  Nota: file incluso     C:\Program Files (x86)\Windows Kits\8.1\Include\um\profileapi.h
  Nota: file incluso     C:\Program Files (x86)\Windows Kits\8.1\Include\um\heapapi.h
  Nota: file incluso     C:\Program Files (x86)\Windows Kits\8.1\Include\um\ioapiset.h
  Nota: file incluso     C:\Program Files (x86)\Windows Kits\8.1\Include\um\synchapi.h
  Nota: file incluso     C:\Program Files (x86)\Windows Kits\8.1\Include\um\interlockedapi.h
  Nota: file incluso     C:\Program Files (x86)\Windows Kits\8.1\Include\um\processthreadsapi.h
  Nota: file incluso     C:\Program Files (x86)\Windows Kits\8.1\Include\um\sysinfoapi.h
  Nota: file incluso     C:\Program Files (x86)\Windows Kits\8.1\Include\um\memoryapi.h
  Nota: file incluso     C:\Program Files (x86)\Windows Kits\8.1\Include\um\threadpoollegacyapiset.h
  Nota: file incluso     C:\Program Files (x86)\Windows Kits\8.1\Include\um\threadpoolapiset.h
  Nota: file incluso     C:\Program Files (x86)\Windows Kits\8.1\Include\um\bemapiset.h
  Nota: file incluso     C:\Program Files (x86)\Windows Kits\8.1\Include\um\jobapi.h
  Nota: file incluso     C:\Program Files (x86)\Windows Kits\8.1\Include\um\wow64apiset.h
  Nota: file incluso     C:\Program Files (x86)\Windows Kits\8.1\Include\um\libloaderapi.h
  Nota: file incluso     C:\Program Files (x86)\Windows Kits\8.1\Include\um\securitybaseapi.h
  Nota: file incluso     C:\Program Files (x86)\Windows Kits\8.1\Include\um\namespaceapi.h
  Nota: file incluso     C:\Program Files (x86)\Windows Kits\8.1\Include\um\systemtopologyapi.h
  Nota: file incluso     C:\Program Files (x86)\Windows Kits\8.1\Include\um\processtopologyapi.h
  Nota: file incluso     C:\Program Files (x86)\Windows Kits\8.1\Include\um\securityappcontainer.h
  Nota: file incluso     C:\Program Files (x86)\Windows Kits\8.1\Include\um\realtimeapiset.h
  Nota: file incluso     C:\Program Files (x86)\Windows Kits\8.1\Include\shared\winerror.h
  Nota: file incluso     C:\Program Files (x86)\Windows Kits\8.1\Include\um\timezoneapi.h
  Nota: file incluso    C:\Program Files (x86)\Windows Kits\8.1\Include\um\wingdi.h
  Nota: file incluso     C:\Program Files (x86)\Windows Kits\8.1\Include\shared\pshpack1.h
  Nota: file incluso     C:\Program Files (x86)\Windows Kits\8.1\Include\shared\poppack.h
  Nota: file incluso     C:\Program Files (x86)\Windows Kits\8.1\Include\shared\pshpack2.h
  Nota: file incluso     C:\Program Files (x86)\Windows Kits\8.1\Include\shared\poppack.h
  Nota: file incluso     C:\Program Files (x86)\Windows Kits\8.1\Include\shared\pshpack2.h
  Nota: file incluso     C:\Program Files (x86)\Windows Kits\8.1\Include\shared\poppack.h
  Nota: file incluso     C:\Program Files (x86)\Windows Kits\8.1\Include\shared\pshpack4.h
  Nota: file incluso     C:\Program Files (x86)\Windows Kits\8.1\Include\shared\poppack.h
  Nota: file incluso     C:\Program Files (x86)\Windows Kits\8.1\Include\shared\pshpack4.h
  Nota: file incluso     C:\Program Files (x86)\Windows Kits\8.1\Include\shared\poppack.h
  Nota: file incluso    C:\Program Files (x86)\Windows Kits\8.1\Include\um\winuser.h
  Nota: file incluso     C:\Program Files (x86)\Windows Kits\8.1\Include\shared\pshpack2.h
  Nota: file incluso     C:\Program Files (x86)\Windows Kits\8.1\Include\shared\poppack.h
  Nota: file incluso     C:\Program Files (x86)\Windows Kits\8.1\Include\shared\tvout.h
  Nota: file incluso    C:\Program Files (x86)\Windows Kits\8.1\Include\um\winnls.h
  Nota: file incluso     C:\Program Files (x86)\Windows Kits\8.1\Include\um\datetimeapi.h
  Nota: file incluso     C:\Program Files (x86)\Windows Kits\8.1\Include\um\stringapiset.h
  Nota: file incluso      C:\Program Files (x86)\Windows Kits\8.1\Include\um\winnls.h
  Nota: file incluso    C:\Program Files (x86)\Windows Kits\8.1\Include\um\wincon.h
  Nota: file incluso     C:\Program Files (x86)\Windows Kits\8.1\Include\um\consoleapi.h
  Nota: file incluso    C:\Program Files (x86)\Windows Kits\8.1\Include\um\winver.h
  Nota: file incluso     C:\Program Files (x86)\Windows Kits\8.1\Include\um\verrsrc.h
  Nota: file incluso    C:\Program Files (x86)\Windows Kits\8.1\Include\um\winreg.h
  Nota: file incluso     C:\Program Files (x86)\Windows Kits\8.1\Include\um\reason.h
  Nota: file incluso    C:\Program Files (x86)\Windows Kits\8.1\Include\um\winnetwk.h
  Nota: file incluso     C:\Program Files (x86)\Windows Kits\8.1\Include\shared\wnnc.h
  Nota: file incluso    C:\Program Files (x86)\Windows Kits\8.1\Include\shared\cderr.h
  Nota: file incluso    C:\Program Files (x86)\Windows Kits\8.1\Include\um\dde.h
  Nota: file incluso    C:\Program Files (x86)\Windows Kits\8.1\Include\um\ddeml.h
  Nota: file incluso    C:\Program Files (x86)\Windows Kits\8.1\Include\um\dlgs.h
  Nota: file incluso    C:\Program Files (x86)\Windows Kits\8.1\Include\um\lzexpand.h
  Nota: file incluso    C:\Program Files (x86)\Windows Kits\8.1\Include\um\mmsystem.h
  Nota: file incluso     C:\Program Files (x86)\Windows Kits\8.1\Include\um\mmsyscom.h
  Nota: file incluso      C:\Program Files (x86)\Windows Kits\8.1\Include\shared\pshpack1.h
  Nota: file incluso      C:\Program Files (x86)\Windows Kits\8.1\Include\shared\poppack.h
  Nota: file incluso     C:\Program Files (x86)\Windows Kits\8.1\Include\shared\pshpack1.h
  Nota: file incluso     C:\Program Files (x86)\Windows Kits\8.1\Include\um\mciapi.h
  Nota: file incluso      C:\Program Files (x86)\Windows Kits\8.1\Include\um\mmsyscom.h
  Nota: file incluso     C:\Program Files (x86)\Windows Kits\8.1\Include\um\mmiscapi.h
  Nota: file incluso      C:\Program Files (x86)\Windows Kits\8.1\Include\um\mmsyscom.h
  Nota: file incluso     C:\Program Files (x86)\Windows Kits\8.1\Include\um\mmiscapi2.h
  Nota: file incluso      C:\Program Files (x86)\Windows Kits\8.1\Include\um\mmsyscom.h
  Nota: file incluso     C:\Program Files (x86)\Windows Kits\8.1\Include\um\playsoundapi.h
  Nota: file incluso      C:\Program Files (x86)\Windows Kits\8.1\Include\um\mmsyscom.h
  Nota: file incluso     C:\Program Files (x86)\Windows Kits\8.1\Include\um\mmeapi.h
  Nota: file incluso      C:\Program Files (x86)\Windows Kits\8.1\Include\um\mmsyscom.h
  Nota: file incluso     C:\Program Files (x86)\Windows Kits\8.1\Include\um\timeapi.h
  Nota: file incluso      C:\Program Files (x86)\Windows Kits\8.1\Include\um\mmsyscom.h
  Nota: file incluso     C:\Program Files (x86)\Windows Kits\8.1\Include\um\joystickapi.h
  Nota: file incluso      C:\Program Files (x86)\Windows Kits\8.1\Include\um\mmsyscom.h
  Nota: file incluso     C:\Program Files (x86)\Windows Kits\8.1\Include\shared\poppack.h
  Nota: file incluso    C:\Program Files (x86)\Windows Kits\8.1\Include\um\nb30.h
  Nota: file incluso    C:\Program Files (x86)\Windows Kits\8.1\Include\shared\rpc.h
  Nota: file incluso     C:\Program Files (x86)\Windows Kits\8.1\Include\shared\rpcdce.h
  Nota: file incluso      C:\Program Files (x86)\Windows Kits\8.1\Include\shared\rpcdcep.h
  Nota: file incluso     C:\Program Files (x86)\Windows Kits\8.1\Include\um\rpcnsi.h
  Nota: file incluso     C:\Program Files (x86)\Windows Kits\8.1\Include\shared\rpcnterr.h
  Nota: file incluso     C:\Program Files (x86)\Windows Kits\8.1\Include\shared\rpcasync.h
  Nota: file incluso    C:\Program Files (x86)\Windows Kits\8.1\Include\um\shellapi.h
  Nota: file incluso     C:\Program Files (x86)\Windows Kits\8.1\Include\shared\pshpack1.h
  Nota: file incluso     C:\Program Files (x86)\Windows Kits\8.1\Include\shared\poppack.h
  Nota: file incluso    C:\Program Files (x86)\Windows Kits\8.1\Include\um\winperf.h
  Nota: file incluso     C:\Program Files (x86)\Windows Kits\8.1\Include\shared\pshpack8.h
  Nota: file incluso     C:\Program Files (x86)\Windows Kits\8.1\Include\shared\poppack.h
  Nota: file incluso    C:\Program Files (x86)\Windows Kits\8.1\Include\um\winsock.h
  Nota: file incluso     C:\Program Files (x86)\Windows Kits\8.1\Include\shared\inaddr.h
  Nota: file incluso    C:\Program Files (x86)\Windows Kits\8.1\Include\um\wincrypt.h
  Nota: file incluso     C:\Program Files (x86)\Windows Kits\8.1\Include\shared\bcrypt.h
  Nota: file incluso     C:\Program Files (x86)\Windows Kits\8.1\Include\um\ncrypt.h
  Nota: file incluso     C:\Program Files (x86)\Windows Kits\8.1\Include\um\dpapi.h
  Nota: file incluso    C:\Program Files (x86)\Windows Kits\8.1\Include\um\winefs.h
  Nota: file incluso    C:\Program Files (x86)\Windows Kits\8.1\Include\um\winscard.h
  Nota: file incluso     C:\Program Files (x86)\Windows Kits\8.1\Include\shared\wtypes.h
  Nota: file incluso      c:\program files (x86)\windows kits\8.1\include\shared\rpcndr.h
  Nota: file incluso       C:\Program Files (x86)\Windows Kits\8.1\Include\shared\pshpack8.h
  Nota: file incluso       C:\Program Files (x86)\Windows Kits\8.1\Include\um\rpcnsip.h
  Nota: file incluso       C:\Program Files (x86)\Windows Kits\8.1\Include\shared\rpcsal.h
  Nota: file incluso       C:\Program Files (x86)\Windows Kits\8.1\Include\shared\poppack.h
  Nota: file incluso      c:\program files (x86)\windows kits\8.1\include\shared\wtypesbase.h
  Nota: file incluso       c:\program files (x86)\windows kits\8.1\include\shared\guiddef.h
  Nota: file incluso     C:\Program Files (x86)\Windows Kits\8.1\Include\um\winioctl.h
  Nota: file incluso      C:\Program Files (x86)\Windows Kits\8.1\Include\shared\pshpack1.h
  Nota: file incluso      C:\Program Files (x86)\Windows Kits\8.1\Include\shared\poppack.h
  Nota: file incluso      C:\Program Files (x86)\Windows Kits\8.1\Include\shared\pshpack1.h
  Nota: file incluso      C:\Program Files (x86)\Windows Kits\8.1\Include\shared\poppack.h
  Nota: file incluso      C:\Program Files (x86)\Windows Kits\8.1\Include\shared\pshpack1.h
  Nota: file incluso      C:\Program Files (x86)\Windows Kits\8.1\Include\shared\poppack.h
  Nota: file incluso      C:\Program Files (x86)\Windows Kits\8.1\Include\shared\pshpack1.h
  Nota: file incluso      C:\Program Files (x86)\Windows Kits\8.1\Include\shared\poppack.h
  Nota: file incluso      C:\Program Files (x86)\Windows Kits\8.1\Include\shared\pshpack1.h
  Nota: file incluso      C:\Program Files (x86)\Windows Kits\8.1\Include\shared\poppack.h
  Nota: file incluso      C:\Program Files (x86)\Windows Kits\8.1\Include\shared\pshpack1.h
  Nota: file incluso      C:\Program Files (x86)\Windows Kits\8.1\Include\shared\poppack.h
  Nota: file incluso      C:\Program Files (x86)\Windows Kits\8.1\Include\shared\pshpack1.h
  Nota: file incluso      C:\Program Files (x86)\Windows Kits\8.1\Include\shared\poppack.h
  Nota: file incluso     C:\Program Files (x86)\Windows Kits\8.1\Include\shared\winsmcrd.h
  Nota: file incluso    C:\Program Files (x86)\Windows Kits\8.1\Include\um\winspool.h
  Nota: file incluso     C:\Program Files (x86)\Windows Kits\8.1\Include\um\prsht.h
  Nota: file incluso      C:\Program Files (x86)\Windows Kits\8.1\Include\shared\pshpack4.h
  Nota: file incluso      C:\Program Files (x86)\Windows Kits\8.1\Include\shared\poppack.h
  Nota: file incluso    C:\Program Files (x86)\Windows Kits\8.1\Include\um\ole2.h
  Nota: file incluso     C:\Program Files (x86)\Windows Kits\8.1\Include\shared\pshpack8.h
  Nota: file incluso     C:\Program Files (x86)\Windows Kits\8.1\Include\um\objbase.h
  Nota: file incluso      C:\Program Files (x86)\Windows Kits\8.1\Include\shared\pshpack8.h
  Nota: file incluso      C:\Program Files (x86)\Windows Kits\8.1\Include\um\combaseapi.h
  Nota: file incluso       C:\Program Files (x86)\Windows Kits\8.1\Include\shared\pshpack8.h
  Nota: file incluso       C:\Program Files (x86)\Windows Kits\10\Include\10.0.10240.0\ucrt\stdlib.h
  Nota: file incluso        C:\Program Files (x86)\Windows Kits\10\Include\10.0.10240.0\ucrt\corecrt_malloc.h
  Nota: file incluso        C:\Program Files (x86)\Windows Kits\10\Include\10.0.10240.0\ucrt\corecrt_search.h
  Nota: file incluso         C:\Program Files (x86)\Windows Kits\10\Include\10.0.10240.0\ucrt\stddef.h
  Nota: file incluso        C:\Program Files (x86)\Microsoft Visual Studio 14.0\VC\include\limits.h
  Nota: file incluso         C:\Program Files (x86)\Microsoft Visual Studio 14.0\VC\include\vcruntime.h
  Nota: file incluso       C:\Program Files (x86)\Windows Kits\8.1\Include\um\unknwnbase.h
  Nota: file incluso       C:\Program Files (x86)\Windows Kits\8.1\Include\um\objidlbase.h
  Nota: file incluso       C:\Program Files (x86)\Windows Kits\8.1\Include\shared\guiddef.h
  Nota: file incluso       C:\Program Files (x86)\Windows Kits\8.1\Include\um\cguid.h
  Nota: file incluso       C:\Program Files (x86)\Windows Kits\8.1\Include\shared\poppack.h
  Nota: file incluso      C:\Program Files (x86)\Windows Kits\8.1\Include\um\objidl.h
  Nota: file incluso       c:\program files (x86)\windows kits\8.1\include\um\unknwn.h
  Nota: file incluso      C:\Program Files (x86)\Windows Kits\8.1\Include\um\urlmon.h
  Nota: file incluso       c:\program files (x86)\windows kits\8.1\include\um\oleidl.h
  Nota: file incluso       c:\program files (x86)\windows kits\8.1\include\um\servprov.h
  Nota: file incluso       c:\program files (x86)\windows kits\8.1\include\um\msxml.h
  Nota: file incluso        c:\program files (x86)\windows kits\8.1\include\um\oaidl.h
  Nota: file incluso      C:\Program Files (x86)\Windows Kits\8.1\Include\um\propidl.h
  Nota: file incluso      C:\Program Files (x86)\Windows Kits\8.1\Include\shared\poppack.h
  Nota: file incluso     C:\Program Files (x86)\Windows Kits\8.1\Include\um\oleauto.h
  Nota: file incluso      C:\Program Files (x86)\Windows Kits\8.1\Include\shared\pshpack8.h
  Nota: file incluso      C:\Program Files (x86)\Windows Kits\8.1\Include\shared\poppack.h
  Nota: file incluso     C:\Program Files (x86)\Windows Kits\8.1\Include\shared\poppack.h
  Nota: file incluso    C:\Program Files (x86)\Windows Kits\8.1\Include\um\commdlg.h
  Nota: file incluso     C:\Program Files (x86)\Windows Kits\8.1\Include\um\prsht.h
  Nota: file incluso     C:\Program Files (x86)\Windows Kits\8.1\Include\shared\pshpack1.h
  Nota: file incluso     C:\Program Files (x86)\Windows Kits\8.1\Include\shared\poppack.h
  Nota: file incluso    C:\Program Files (x86)\Windows Kits\8.1\Include\shared\stralign.h
  Nota: file incluso    C:\Program Files (x86)\Windows Kits\8.1\Include\um\winsvc.h
  Nota: file incluso    C:\Program Files (x86)\Windows Kits\8.1\Include\um\mcx.h
  Nota: file incluso    C:\Program Files (x86)\Windows Kits\8.1\Include\um\imm.h
  Nota: file incluso     C:\Program Files (x86)\Windows Kits\8.1\Include\um\ime_cmodes.h
  Nota: file incluso   C:\Program Files (x86)\Microsoft Visual Studio 14.0\VC\include\list
  Nota: file incluso    C:\Program Files (x86)\Microsoft Visual Studio 14.0\VC\include\xmemory
  Nota: file incluso     C:\Program Files (x86)\Microsoft Visual Studio 14.0\VC\include\xmemory0
  Nota: file incluso      C:\Program Files (x86)\Microsoft Visual Studio 14.0\VC\include\cstdint
  Nota: file incluso       C:\Program Files (x86)\Microsoft Visual Studio 14.0\VC\include\yvals.h
  Nota: file incluso        C:\Program Files (x86)\Microsoft Visual Studio 14.0\VC\include\xkeycheck.h
  Nota: file incluso        C:\Program Files (x86)\Microsoft Visual Studio 14.0\VC\include\crtdefs.h
  Nota: file incluso         C:\Program Files (x86)\Microsoft Visual Studio 14.0\VC\include\vcruntime.h
  Nota: file incluso        C:\Program Files (x86)\Microsoft Visual Studio 14.0\VC\include\use_ansi.h
  Nota: file incluso       C:\Program Files (x86)\Microsoft Visual Studio 14.0\VC\include\stdint.h
  Nota: file incluso        C:\Program Files (x86)\Microsoft Visual Studio 14.0\VC\include\vcruntime.h
  Nota: file incluso      C:\Program Files (x86)\Microsoft Visual Studio 14.0\VC\include\cstdlib
  Nota: file incluso      C:\Program Files (x86)\Microsoft Visual Studio 14.0\VC\include\limits
  Nota: file incluso       C:\Program Files (x86)\Microsoft Visual Studio 14.0\VC\include\ymath.h
  Nota: file incluso       C:\Program Files (x86)\Microsoft Visual Studio 14.0\VC\include\cfloat
  Nota: file incluso        C:\Program Files (x86)\Windows Kits\10\Include\10.0.10240.0\ucrt\float.h
  Nota: file incluso       C:\Program Files (x86)\Microsoft Visual Studio 14.0\VC\include\climits
  Nota: file incluso       C:\Program Files (x86)\Microsoft Visual Studio 14.0\VC\include\cmath
  Nota: file incluso        C:\Program Files (x86)\Windows Kits\10\Include\10.0.10240.0\ucrt\math.h
  Nota: file incluso        C:\Program Files (x86)\Microsoft Visual Studio 14.0\VC\include\xtgmath.h
  Nota: file incluso         C:\Program Files (x86)\Microsoft Visual Studio 14.0\VC\include\xtr1common
  Nota: file incluso       C:\Program Files (x86)\Microsoft Visual Studio 14.0\VC\include\cwchar
  Nota: file incluso       C:\Program Files (x86)\Microsoft Visual Studio 14.0\VC\include\xstddef
  Nota: file incluso        C:\Program Files (x86)\Microsoft Visual Studio 14.0\VC\include\cstddef
  Nota: file incluso        C:\Program Files (x86)\Microsoft Visual Studio 14.0\VC\include\initializer_list
  Nota: file incluso      C:\Program Files (x86)\Microsoft Visual Studio 14.0\VC\include\new
  Nota: file incluso       C:\Program Files (x86)\Microsoft Visual Studio 14.0\VC\include\exception
  Nota: file incluso        C:\Program Files (x86)\Microsoft Visual Studio 14.0\VC\include\type_traits
  Nota: file incluso        C:\Program Files (x86)\Windows Kits\10\Include\10.0.10240.0\ucrt\malloc.h
  Nota: file incluso        C:\Program Files (x86)\Microsoft Visual Studio 14.0\VC\include\vcruntime_exception.h
  Nota: file incluso         C:\Program Files (x86)\Microsoft Visual Studio 14.0\VC\include\eh.h
  Nota: file incluso          C:\Program Files (x86)\Windows Kits\10\Include\10.0.10240.0\ucrt\corecrt_terminate.h
  Nota: file incluso       C:\Program Files (x86)\Microsoft Visual Studio 14.0\VC\include\vcruntime_new.h
  Nota: file incluso        C:\Program Files (x86)\Microsoft Visual Studio 14.0\VC\include\vcruntime.h
  Nota: file incluso      C:\Program Files (x86)\Microsoft Visual Studio 14.0\VC\include\xutility
  Nota: file incluso       C:\Program Files (x86)\Microsoft Visual Studio 14.0\VC\include\utility
  Nota: file incluso        C:\Program Files (x86)\Microsoft Visual Studio 14.0\VC\include\iosfwd
  Nota: file incluso         C:\Program Files (x86)\Microsoft Visual Studio 14.0\VC\include\cstdio
  Nota: file incluso         C:\Program Files (x86)\Microsoft Visual Studio 14.0\VC\include\cstring
  Nota: file incluso         C:\Program Files (x86)\Windows Kits\10\Include\10.0.10240.0\ucrt\crtdbg.h
  Nota: file incluso          C:\Program Files (x86)\Microsoft Visual Studio 14.0\VC\include\vcruntime_new_debug.h
  Nota: file incluso      C:\Program Files (x86)\Microsoft Visual Studio 14.0\VC\include\xatomic0.h
  Nota: file incluso      C:\Program Files (x86)\Microsoft Visual Studio 14.0\VC\include\intrin.h
  Nota: file incluso       C:\Program Files (x86)\Microsoft Visual Studio 14.0\VC\include\vcruntime.h
  Nota: file incluso       C:\Program Files (x86)\Microsoft Visual Studio 14.0\VC\include\setjmp.h
  Nota: file incluso        C:\Program Files (x86)\Microsoft Visual Studio 14.0\VC\include\vcruntime.h
  Nota: file incluso       C:\Program Files (x86)\Microsoft Visual Studio 14.0\VC\include\immintrin.h
  Nota: file incluso        C:\Program Files (x86)\Microsoft Visual Studio 14.0\VC\include\wmmintrin.h
  Nota: file incluso         C:\Program Files (x86)\Microsoft Visual Studio 14.0\VC\include\nmmintrin.h
  Nota: file incluso          C:\Program Files (x86)\Microsoft Visual Studio 14.0\VC\include\smmintrin.h
  Nota: file incluso           C:\Program Files (x86)\Microsoft Visual Studio 14.0\VC\include\tmmintrin.h
  Nota: file incluso            C:\Program Files (x86)\Microsoft Visual Studio 14.0\VC\include\pmmintrin.h
  Nota: file incluso             C:\Program Files (x86)\Microsoft Visual Studio 14.0\VC\include\emmintrin.h
  Nota: file incluso              C:\Program Files (x86)\Microsoft Visual Studio 14.0\VC\include\xmmintrin.h
  Nota: file incluso               C:\Program Files (x86)\Microsoft Visual Studio 14.0\VC\include\mmintrin.h
  Nota: file incluso       C:\Program Files (x86)\Microsoft Visual Studio 14.0\VC\include\ammintrin.h
  Nota: file incluso       C:\Program Files (x86)\Microsoft Visual Studio 14.0\VC\include\mm3dnow.h
  Nota: file incluso        C:\Program Files (x86)\Microsoft Visual Studio 14.0\VC\include\vcruntime.h
  Nota: file incluso    C:\Program Files (x86)\Microsoft Visual Studio 14.0\VC\include\stdexcept
  Nota: file incluso     C:\Program Files (x86)\Microsoft Visual Studio 14.0\VC\include\xstring
  Nota: file incluso   C:\Program Files (x86)\Microsoft Visual Studio 14.0\VC\include\map
  Nota: file incluso    C:\Program Files (x86)\Microsoft Visual Studio 14.0\VC\include\tuple
  Nota: file incluso    C:\Program Files (x86)\Microsoft Visual Studio 14.0\VC\include\xtree
  Nota: file incluso   c:\users\totox\desktop\progettopds\serverprogettopds\serverprogettopds\AppInfo.h
  Nota: file incluso    C:\Program Files (x86)\Microsoft Visual Studio 14.0\VC\include\string
  Nota: file incluso     C:\Program Files (x86)\Microsoft Visual Studio 14.0\VC\include\istream
  Nota: file incluso      C:\Program Files (x86)\Microsoft Visual Studio 14.0\VC\include\ostream
  Nota: file incluso       C:\Program Files (x86)\Microsoft Visual Studio 14.0\VC\include\ios
  Nota: file incluso        C:\Program Files (x86)\Microsoft Visual Studio 14.0\VC\include\xlocnum
  Nota: file incluso         C:\Program Files (x86)\Microsoft Visual Studio 14.0\VC\include\streambuf
  Nota: file incluso          C:\Program Files (x86)\Microsoft Visual Studio 14.0\VC\include\xiosbase
  Nota: file incluso           C:\Program Files (x86)\Microsoft Visual Studio 14.0\VC\include\xlocale
  Nota: file incluso            C:\Program Files (x86)\Microsoft Visual Studio 14.0\VC\include\typeinfo
  Nota: file incluso             C:\Program Files (x86)\Microsoft Visual Studio 14.0\VC\include\vcruntime_typeinfo.h
  Nota: file incluso              C:\Program Files (x86)\Microsoft Visual Studio 14.0\VC\include\vcruntime.h
  Nota: file incluso            C:\Program Files (x86)\Microsoft Visual Studio 14.0\VC\include\xlocinfo
  Nota: file incluso             C:\Program Files (x86)\Microsoft Visual Studio 14.0\VC\include\xlocinfo.h
  Nota: file incluso              C:\Program Files (x86)\Windows Kits\10\Include\10.0.10240.0\ucrt\locale.h
  Nota: file incluso            C:\Program Files (x86)\Microsoft Visual Studio 14.0\VC\include\xfacet
  Nota: file incluso           C:\Program Files (x86)\Microsoft Visual Studio 14.0\VC\include\system_error
  Nota: file incluso            C:\Program Files (x86)\Microsoft Visual Studio 14.0\VC\include\cerrno
  Nota: file incluso           C:\Program Files (x86)\Windows Kits\10\Include\10.0.10240.0\ucrt\share.h
  Nota: file incluso   c:\users\totox\desktop\progettopds\serverprogettopds\serverprogettopds\Errors.cpp
  Nota: file incluso  C:\Program Files (x86)\Microsoft Visual Studio 14.0\VC\include\iostream
  Nota: file incluso  C:\Program Files (x86)\Microsoft Visual Studio 14.0\VC\include\fstream
c:\users\totox\desktop\progettopds\serverprogettopds\serverprogettopds\listwatcher.cpp(171): warning C4101: 'messagelparam': variabile locale senza riferimenti
c:\users\totox\desktop\progettopds\serverprogettopds\serverprogettopds\listwatcher.cpp(171): warning C4101: 'scan': variabile locale senza riferimenti
c:\users\totox\desktop\progettopds\serverprogettopds\serverprogettopds\listwatcher.cpp(366): warning C4101: 'longnum': variabile locale senza riferimenti
c:\users\totox\desktop\progettopds\serverprogettopds\serverprogettopds\listwatcher.cpp(386): warning C4101: 'ptr': variabile locale senza riferimenti
  ServerProgettoPDS.vcxproj -> C:\Users\totox\Desktop\ProgettoPDS\ServerProgettoPDS\Debug\ServerProgettoPDS.exe
  ServerProgettoPDS.vcxproj -> C:\Users\totox\Desktop\ProgettoPDS\ServerProgettoPDS\Debug\ServerProgettoPDS.pdb (Full PDB)
